Apr 16 14:10:45: ocsigen:main: Command pipe created
Apr 16 14:10:45: ocsigen:config: While parsing config file, tag <host>: No defaulthostname, assuming it is "bulle"
Apr 16 14:10:45: ocsigen:main: Ocsigen has been launched (initialisations ok)
Apr 16 14:15:26: ocsigen:config: While parsing config file, tag <host>: No defaulthostname, assuming it is "bulle"
Apr 16 14:15:26: ocsigen:main: Ocsigen has been launched (initialisations ok)
Apr 16 14:25:32: ocsigen:config: While parsing config file, tag <host>: No defaulthostname, assuming it is "bulle"
Apr 16 14:25:32: ocsigen:main: Ocsigen has been launched (initialisations ok)
Apr 16 14:26:59: ocsigen:config: While parsing config file, tag <host>: No defaulthostname, assuming it is "bulle"
Apr 16 14:26:59: ocsigen:main: Ocsigen has been launched (initialisations ok)
Apr 16 14:37:30: ocsigen:config: While parsing config file, tag <host>: No defaulthostname, assuming it is "bulle"
Apr 16 14:37:30: ocsigen:main: Ocsigen has been launched (initialisations ok)
Apr 16 21:44:41: ocsigen:config: While parsing config file, tag <host>: No defaulthostname, assuming it is "bulle"
Apr 16 21:45:25: ocsigen:config: While parsing config file, tag <host>: No defaulthostname, assuming it is "bulle"
Apr 16 21:45:25: ocsigen:main: Ocsigen has been launched (initialisations ok)
Apr 16 21:50:53: ocsigen:config: While parsing config file, tag <host>: No defaulthostname, assuming it is "bulle"
Apr 16 21:50:53: ocsigen:main: Ocsigen has been launched (initialisations ok)
Apr 16 22:02:56: ocsigen:config: While parsing config file, tag <host>: No defaulthostname, assuming it is "bulle"
Apr 16 22:02:56: ocsigen:main: Ocsigen has been launched (initialisations ok)
Apr 16 22:04:01: ocsigen:config: While parsing config file, tag <host>: No defaulthostname, assuming it is "bulle"
Apr 16 22:04:01: ocsigen:main: Ocsigen has been launched (initialisations ok)
Apr 16 22:05:02: ocsigen:main: Command pipe created
Apr 17 10:15:47: ocsipersist:dbm: Initializing ...
Apr 17 10:15:47: ocsipersist:dbm: Launching a new Ocsidbm process: /home/pi/.opam/4.02.1/lib/ocsigenserver/extensions/ocsidbm.opt on directory local/var/data/nestor/ocsipersist.
Apr 17 10:15:48: ocsipersist:dbm: ...Initialization complete
Apr 17 10:26:47: ocsipersist:dbm: Initializing ...
Apr 17 10:26:47: ocsipersist:dbm: Launching a new Ocsidbm process: /home/pi/.opam/4.02.1/lib/ocsigenserver/extensions/ocsidbm.opt on directory local/var/data/nestor/ocsipersist.
Apr 17 10:26:48: ocsipersist:dbm: ...Initialization complete
Apr 17 10:26:49: ocsigen:config: While parsing config file, tag <host>: No defaulthostname, assuming it is "raspberrypi"
Apr 17 10:26:49: ocsigen:main: Ocsigen has been launched (initialisations ok)
Apr 17 10:44:02: ocsipersist:dbm: Initializing ...
Apr 17 10:44:02: ocsipersist:dbm: Launching a new Ocsidbm process: /home/pi/.opam/4.02.1/lib/ocsigenserver/extensions/ocsidbm.opt on directory local/var/data/nestor/ocsipersist.
Apr 17 10:44:03: ocsipersist:dbm: ...Initialization complete
Apr 17 10:44:04: ocsigen:config: While parsing config file, tag <host>: No defaulthostname, assuming it is "raspberrypi"
Apr 17 10:44:04: ocsigen:main: Ocsigen has been launched (initialisations ok)
Apr 17 10:44:39: ocsipersist:dbm: Initializing ...
Apr 17 10:44:39: ocsipersist:dbm: Launching a new Ocsidbm process: /home/pi/.opam/4.02.1/lib/ocsigenserver/extensions/ocsidbm.opt on directory local/var/data/nestor/ocsipersist.
Apr 17 10:44:40: ocsipersist:dbm: ...Initialization complete
Apr 17 10:44:41: ocsigen:config: While parsing config file, tag <host>: No defaulthostname, assuming it is "raspberrypi"
Apr 17 10:44:41: ocsigen:main: Ocsigen has been launched (initialisations ok)
